<?xml version="1.0" encoding="UTF-8"?>
<testsuite name="WallServiceTestNew" tests="3" skipped="0" failures="0" errors="0" timestamp="2021-08-21T18:13:25" hostname="user01laptop" time="0.051">
  <properties/>
  <testcase name="update" classname="WallServiceTestNew" time="0.048"/>
  <testcase name="add" classname="WallServiceTestNew" time="0.001"/>
  <testcase name="failedUpdate" classname="WallServiceTestNew" time="0.001"/>
  <system-out><![CDATA[]]></system-out>
  <system-err><![CDATA[]]></system-err>
</testsuite>
