<?xml version="1.0" encoding="UTF-8"?>
<testsuite name="WallServiceTestNew" tests="3" skipped="0" failures="0" errors="0" timestamp="2021-08-25T18:42:38" hostname="DESKTOP-F9JIQ87" time="0.044">
  <properties/>
  <testcase name="update" classname="WallServiceTestNew" time="0.043"/>
  <testcase name="add" classname="WallServiceTestNew" time="0.001"/>
  <testcase name="failedUpdate" classname="WallServiceTestNew" time="0.0"/>
  <system-out><![CDATA[]]></system-out>
  <system-err><![CDATA[]]></system-err>
</testsuite>
