<?xml version="1.0" encoding="UTF-8"?>
<testsuite name="WallServiceTest" tests="1" skipped="0" failures="0" errors="0" timestamp="2021-08-17T15:02:28" hostname="DESKTOP-F9JIQ87" time="0.028">
  <properties/>
  <testcase name="add" classname="WallServiceTest" time="0.028"/>
  <system-out><![CDATA[]]></system-out>
  <system-err><![CDATA[]]></system-err>
</testsuite>
